2025-09-17 14:16:14,997 [Worker-2: Loading available Gradle versions] INFO  o.e.b.c.i.u.g.PublishedGradleVersions - Gradle version information cache is not available. Remote download required.
2025-09-17 14:21:20,511 [Worker-18: Import Getting Started Content] INFO  o.e.m.c.i.l.LifecycleMappingFactory - Using org.eclipse.m2e.jdt.JarLifecycleMapping lifecycle mapping for MavenProject: com.klef.sdp:AGRICULTURE-SPRINGBOOT:0.0.1-SNAPSHOT @ E:\SDP\SDP-FULLSTACK\AGRICULTURE-SPRINGBOOT\pom.xml.
2025-09-17 14:21:26,151 [Worker-18: Import Getting Started Content] INFO  o.e.m.j.i.AbstractJavaProjectConfigurator - Adding source folder /AGRICULTURE-SPRINGBOOT/src/main/java
2025-09-17 14:21:26,154 [Worker-18: Import Getting Started Content] INFO  o.e.m.j.i.AbstractJavaProjectConfigurator - Adding resource folder /AGRICULTURE-SPRINGBOOT/src/main/resources
2025-09-17 14:21:26,168 [Worker-18: Import Getting Started Content] INFO  o.e.m.j.i.AbstractJavaProjectConfigurator - Adding resource folder /AGRICULTURE-SPRINGBOOT/src/main/resources
2025-09-17 14:21:26,179 [Worker-18: Import Getting Started Content] INFO  o.e.m.j.i.AbstractJavaProjectConfigurator - Adding source folder /AGRICULTURE-SPRINGBOOT/src/test/java
2025-09-17 14:21:26,181 [Worker-18: Import Getting Started Content] INFO  o.e.m.j.i.AbstractJavaProjectConfigurator - Adding resource folder /AGRICULTURE-SPRINGBOOT/src/test/resources
2025-09-17 14:21:30,333 [Worker-18: Import Getting Started Content] INFO  o.e.m.c.i.p.ProjectConfigurationManager - Imported and configured 1 project(s) in 16 sec
2025-09-17 14:21:30,342 [Worker-18: Import Getting Started Content] INFO  o.e.m.c.i.p.ProjectConfigurationManager - Update started
2025-09-17 14:21:30,798 [Worker-18: Import Getting Started Content] INFO  o.e.m.c.i.l.LifecycleMappingFactory - Using org.eclipse.m2e.jdt.JarLifecycleMapping lifecycle mapping for MavenProject: com.klef.sdp:AGRICULTURE-SPRINGBOOT:0.0.1-SNAPSHOT @ E:\SDP\SDP-FULLSTACK\AGRICULTURE-SPRINGBOOT\pom.xml.
2025-09-17 14:21:31,277 [Worker-18: Import Getting Started Content] INFO  o.e.m.j.i.AbstractJavaProjectConfigurator - Adding source folder /AGRICULTURE-SPRINGBOOT/src/main/java
2025-09-17 14:21:31,278 [Worker-18: Import Getting Started Content] INFO  o.e.m.j.i.AbstractJavaProjectConfigurator - Adding resource folder /AGRICULTURE-SPRINGBOOT/src/main/resources
2025-09-17 14:21:31,279 [Worker-18: Import Getting Started Content] INFO  o.e.m.j.i.AbstractJavaProjectConfigurator - Adding resource folder /AGRICULTURE-SPRINGBOOT/src/main/resources
2025-09-17 14:21:31,279 [Worker-18: Import Getting Started Content] INFO  o.e.m.j.i.AbstractJavaProjectConfigurator - Adding source folder /AGRICULTURE-SPRINGBOOT/src/test/java
2025-09-17 14:21:31,280 [Worker-18: Import Getting Started Content] INFO  o.e.m.j.i.AbstractJavaProjectConfigurator - Adding resource folder /AGRICULTURE-SPRINGBOOT/src/test/resources
2025-09-17 14:21:33,578 [Worker-18: Import Getting Started Content] INFO  o.e.m.c.i.p.ProjectConfigurationManager - Update completed for 1 poms: local refresh takes 0.00 sec, refresh facades takes 0.00 sec, update config takes 0.00 sec 
2025-09-17 14:21:36,848 [Worker-41: Building] INFO  o.a.m.s.f.DefaultMavenResourcesFiltering - Copying 1 resource from src\main\resources to target\classes
2025-09-17 14:21:37,069 [Worker-41: Building] INFO  o.a.m.s.f.DefaultMavenResourcesFiltering - Copying 0 resource from src\main\resources to target\classes
2025-09-17 14:21:37,077 [Worker-41: Building] INFO  o.a.m.s.f.DefaultMavenResourcesFiltering - skip non existing resourceDirectory E:\SDP\SDP-FULLSTACK\AGRICULTURE-SPRINGBOOT\src\test\resources
2025-09-17 14:23:41,189 [Worker-42: Building] INFO  o.a.m.s.f.DefaultMavenResourcesFiltering - Copying 1 resource from src\main\resources to target\classes
2025-09-17 14:23:41,194 [Worker-42: Building] INFO  o.a.m.s.f.DefaultMavenResourcesFiltering - Copying 0 resource from src\main\resources to target\classes
2025-09-17 14:23:41,196 [Worker-42: Building] INFO  o.a.m.s.f.DefaultMavenResourcesFiltering - skip non existing resourceDirectory E:\SDP\SDP-FULLSTACK\AGRICULTURE-SPRINGBOOT\src\test\resources
